{"@message":"--> \u001b[34m2020/07/25, 2:21:16 am\u001b[39m - \u001b[1mGET\u001b[22m \u001b[34m\u001b[1m/\u001b[22m\u001b[39m","@fields":{"service":"user-service","logType":"routeStart","level":"info"}}
{"@message":"<-- \u001b[32m2020/07/25, 2:21:16 am\u001b[39m - \u001b[32m\u001b[1m200\u001b[22m\u001b[39m \u001b[1mGET\u001b[22m / - \u001b[32m7 ms\u001b[39m","@fields":{"service":"user-service","logType":"routeEnd","level":"info"}}
{"@message":"--> \u001b[34m2020/07/25, 2:21:16 am\u001b[39m - \u001b[1mGET\u001b[22m \u001b[34m\u001b[1m/?query=cannon\u001b[22m\u001b[39m","@fields":{"service":"user-service","logType":"routeStart","level":"info"}}
{"@message":"<-- \u001b[32m2020/07/25, 2:21:16 am\u001b[39m - \u001b[32m\u001b[1m200\u001b[22m\u001b[39m \u001b[1mGET\u001b[22m /?query=cannon - \u001b[32m1 ms\u001b[39m","@fields":{"service":"user-service","logType":"routeEnd","level":"info"}}
{"@message":"--> \u001b[34m2020/07/25, 2:21:16 am\u001b[39m - \u001b[1mGET\u001b[22m \u001b[34m\u001b[1m/5f1a4bddddf1c37354a38cd8\u001b[22m\u001b[39m","@fields":{"service":"user-service","logType":"routeStart","level":"info"}}
{"@message":"<-- \u001b[32m2020/07/25, 2:21:16 am\u001b[39m - \u001b[32m\u001b[1m200\u001b[22m\u001b[39m \u001b[1mGET\u001b[22m /5f1a4bddddf1c37354a38cd8 - \u001b[32m1 ms\u001b[39m","@fields":{"service":"user-service","logType":"routeEnd","level":"info"}}
{"@message":"--> \u001b[34m2020/07/25, 2:21:16 am\u001b[39m - \u001b[1mPOST\u001b[22m \u001b[34m\u001b[1m/\u001b[22m\u001b[39m","@fields":{"service":"user-service","logType":"routeStart","level":"info"}}
{"@message":"<-- \u001b[32m2020/07/25, 2:21:16 am\u001b[39m - \u001b[32m\u001b[1m200\u001b[22m\u001b[39m \u001b[1mPOST\u001b[22m / - \u001b[32m1 ms\u001b[39m","@fields":{"service":"user-service","logType":"routeEnd","level":"info"}}
{"@message":"--> \u001b[34m2020/07/25, 2:21:16 am\u001b[39m - \u001b[1mPATCH\u001b[22m \u001b[34m\u001b[1m/5f1a4bddddf1c37354a38cd8\u001b[22m\u001b[39m","@fields":{"service":"user-service","logType":"routeStart","level":"info"}}
{"@message":"<-- \u001b[32m2020/07/25, 2:21:16 am\u001b[39m - \u001b[32m\u001b[1m200\u001b[22m\u001b[39m \u001b[1mPATCH\u001b[22m /5f1a4bddddf1c37354a38cd8 - \u001b[32m1 ms\u001b[39m","@fields":{"service":"user-service","logType":"routeEnd","level":"info"}}
{"@message":"--> \u001b[34m2020/07/25, 2:21:16 am\u001b[39m - \u001b[1mDELETE\u001b[22m \u001b[34m\u001b[1m/5f1a4bddddf1c37354a38cd8\u001b[22m\u001b[39m","@fields":{"service":"user-service","logType":"routeStart","level":"info"}}
{"@message":"<-- \u001b[32m2020/07/25, 2:21:16 am\u001b[39m - \u001b[32m\u001b[1m200\u001b[22m\u001b[39m \u001b[1mDELETE\u001b[22m /5f1a4bddddf1c37354a38cd8 - \u001b[32m0 ms\u001b[39m","@fields":{"service":"user-service","logType":"routeEnd","level":"info"}}
{"service":"user-service","logType":"routeStart","level":"info","message":"--> \u001b[34m2020/07/25, 2:24:43 am\u001b[39m - \u001b[1mGET\u001b[22m \u001b[34m\u001b[1m/\u001b[22m\u001b[39m"}
{"service":"user-service","logType":"routeEnd","level":"info","message":"<-- \u001b[32m2020/07/25, 2:24:43 am\u001b[39m - \u001b[32m\u001b[1m200\u001b[22m\u001b[39m \u001b[1mGET\u001b[22m / - \u001b[32m8 ms\u001b[39m"}
{"service":"user-service","logType":"routeStart","level":"info","message":"--> \u001b[34m2020/07/25, 2:24:43 am\u001b[39m - \u001b[1mGET\u001b[22m \u001b[34m\u001b[1m/?query=cannon\u001b[22m\u001b[39m"}
{"service":"user-service","logType":"routeEnd","level":"info","message":"<-- \u001b[32m2020/07/25, 2:24:43 am\u001b[39m - \u001b[32m\u001b[1m200\u001b[22m\u001b[39m \u001b[1mGET\u001b[22m /?query=cannon - \u001b[32m1 ms\u001b[39m"}
{"service":"user-service","logType":"routeStart","level":"info","message":"--> \u001b[34m2020/07/25, 2:24:43 am\u001b[39m - \u001b[1mGET\u001b[22m \u001b[34m\u001b[1m/5f1a4bddddf1c37354a38cd8\u001b[22m\u001b[39m"}
{"service":"user-service","logType":"routeEnd","level":"info","message":"<-- \u001b[32m2020/07/25, 2:24:43 am\u001b[39m - \u001b[32m\u001b[1m200\u001b[22m\u001b[39m \u001b[1mGET\u001b[22m /5f1a4bddddf1c37354a38cd8 - \u001b[32m0 ms\u001b[39m"}
{"service":"user-service","logType":"routeStart","level":"info","message":"--> \u001b[34m2020/07/25, 2:24:44 am\u001b[39m - \u001b[1mPOST\u001b[22m \u001b[34m\u001b[1m/\u001b[22m\u001b[39m"}
{"service":"user-service","logType":"routeEnd","level":"info","message":"<-- \u001b[32m2020/07/25, 2:24:44 am\u001b[39m - \u001b[32m\u001b[1m200\u001b[22m\u001b[39m \u001b[1mPOST\u001b[22m / - \u001b[32m1 ms\u001b[39m"}
{"service":"user-service","logType":"routeStart","level":"info","message":"--> \u001b[34m2020/07/25, 2:24:44 am\u001b[39m - \u001b[1mPATCH\u001b[22m \u001b[34m\u001b[1m/5f1a4bddddf1c37354a38cd8\u001b[22m\u001b[39m"}
{"service":"user-service","logType":"routeEnd","level":"info","message":"<-- \u001b[32m2020/07/25, 2:24:44 am\u001b[39m - \u001b[32m\u001b[1m200\u001b[22m\u001b[39m \u001b[1mPATCH\u001b[22m /5f1a4bddddf1c37354a38cd8 - \u001b[32m1 ms\u001b[39m"}
{"service":"user-service","logType":"routeStart","level":"info","message":"--> \u001b[34m2020/07/25, 2:24:44 am\u001b[39m - \u001b[1mDELETE\u001b[22m \u001b[34m\u001b[1m/5f1a4bddddf1c37354a38cd8\u001b[22m\u001b[39m"}
{"service":"user-service","logType":"routeEnd","level":"info","message":"<-- \u001b[32m2020/07/25, 2:24:44 am\u001b[39m - \u001b[32m\u001b[1m200\u001b[22m\u001b[39m \u001b[1mDELETE\u001b[22m /5f1a4bddddf1c37354a38cd8 - \u001b[32m1 ms\u001b[39m"}
